<?xml version="1.0" encoding="UTF-8"?>
<testng-results ignored="0" total="2" passed="2" failed="0" skipped="0">
  <reporter-output>
  </reporter-output>
  <suite started-at="2023-09-11T14:40:21 IST" name="Default suite" finished-at="2023-09-11T14:40:22 IST" duration-ms="1030">
    <groups>
    </groups>
    <test started-at="2023-09-11T14:40:21 IST" name="Default test" finished-at="2023-09-11T14:40:22 IST" duration-ms="1030">
      <class name="com.rest.test.TestGetCall">
        <test-method is-config="true" signature="setUp()[pri:0, instance:com.rest.test.TestGetCall@44ebcd03]" started-at="2023-09-11T14:40:21 IST" name="setUp" finished-at="2023-09-11T14:40:21 IST" duration-ms="17" status="PASS">
          <reporter-output>
          </reporter-output>
        </test-method> <!-- setUp -->
        <test-method signature="testGetCall()[pri:0, instance:com.rest.test.TestGetCall@44ebcd03]" started-at="2023-09-11T14:40:22 IST" name="testGetCall" finished-at="2023-09-11T14:40:22 IST" duration-ms="848" status="PASS">
          <reporter-output>
          </reporter-output>
        </test-method> <!-- testGetCall -->
        <test-method signature="testGetCallResponse()[pri:0, instance:com.rest.test.TestGetCall@44ebcd03]" started-at="2023-09-11T14:40:22 IST" name="testGetCallResponse" finished-at="2023-09-11T14:40:22 IST" duration-ms="88" status="PASS">
          <reporter-output>
          </reporter-output>
        </test-method> <!-- testGetCallResponse -->
      </class> <!-- com.rest.test.TestGetCall -->
    </test> <!-- Default test -->
  </suite> <!-- Default suite -->
</testng-results>
